<?xml version="1.0" encoding="UTF-8"?>
<!-- Generated by org.testng.reporters.JUnitReportReporter -->
<testsuite hostname="CORP-PF00HQD9" name="com.selenium.suite.shoeshop.EmailSubscriptionTest" tests="2" failures="0" timestamp="5 May 2016 10:56:48 GMT" time="58.399" errors="0">
  <testcase name="testEmailSubscription" time="41.511" classname="com.selenium.suite.shoeshop.EmailSubscriptionTest"/>
  <testcase name="testEmailSubscription" time="16.888" classname="com.selenium.suite.shoeshop.EmailSubscriptionTest"/>
</testsuite> <!-- com.selenium.suite.shoeshop.EmailSubscriptionTest -->
