<?xml version="1.0" encoding="UTF-8"?>
<!-- Generated by org.testng.reporters.JUnitReportReporter -->
<testsuite hostname="CORP-PF00HQD9" name="com.selenium.suite.shoeshop.EmailSubscriptionTest1" tests="6" failures="0" timestamp="7 May 2016 05:03:10 GMT" time="294.017" errors="0">
  <testcase name="testEmailSubscription" time="5.080" classname="com.selenium.suite.shoeshop.EmailSubscriptionTest1"/>
  <testcase name="testEmailSubscription" time="114.961" classname="com.selenium.suite.shoeshop.EmailSubscriptionTest1"/>
  <testcase name="testEmailSubscription" time="3.942" classname="com.selenium.suite.shoeshop.EmailSubscriptionTest1"/>
  <testcase name="testEmailSubscription" time="17.065" classname="com.selenium.suite.shoeshop.EmailSubscriptionTest1"/>
  <testcase name="testEmailSubscription" time="11.140" classname="com.selenium.suite.shoeshop.EmailSubscriptionTest1"/>
  <testcase name="testEmailSubscription" time="141.829" classname="com.selenium.suite.shoeshop.EmailSubscriptionTest1"/>
</testsuite> <!-- com.selenium.suite.shoeshop.EmailSubscriptionTest1 -->
